[2026-06-01 18:35:26] ========== 大盘趋势扫描开始 ==========
[2026-06-01 18:35:26] 拉取上证指数数据...
[2026-06-01 18:35:27] 获取到 441 条数据，最新: 20260601
[2026-06-01 18:35:27] 生成趋势图表...
[2026-06-01 18:35:29] ✅ 图表已保存: /mnt/d/Hermes_workspace/stock_research/1.Shanghai_composite_trend_detect/20260601_三子图_高对比.png
[2026-06-01 18:35:29] 发送图表到伯利克利...
[2026-06-01 18:35:30]   图表发送: {'errcode': 0, 'errmsg': 'ok'}
[2026-06-01 18:35:30] 发送文字分析到伯利克利...
[2026-06-01 18:35:31]   文字发送: {'errcode': 0, 'errmsg': 'ok'}
[2026-06-01 18:35:31] ========== 大盘趋势扫描完成 ==========
[2026-06-01 18:38:12] ========== 大盘趋势扫描开始 ==========
[2026-06-01 18:38:12] 拉取上证指数数据...
[2026-06-01 18:38:12] 获取到 441 条数据，最新: 20260601
[2026-06-01 18:38:12] 生成趋势图表...
[2026-06-01 18:38:15] ✅ 图表已保存: /mnt/d/Hermes_workspace/stock_research/1.Shanghai_composite_trend_detect/20260601_三子图_高对比.png
[2026-06-01 18:38:15] 发送到 伯利克利...
[2026-06-01 18:38:16]   图表: {'errcode': 0, 'errmsg': 'ok'}
[2026-06-01 18:38:16]   文字: {'errcode': 0, 'errmsg': 'ok'}
[2026-06-01 18:38:16] 发送到 大盘趋势...
[2026-06-01 18:38:17]   图表: {'errcode': 0, 'errmsg': 'ok'}
[2026-06-01 18:38:17]   文字: {'errcode': 0, 'errmsg': 'ok'}
[2026-06-01 18:38:17] ========== 大盘趋势扫描完成 ==========
[2026-06-02 18:34:18] ========== 大盘趋势扫描开始 ==========
[2026-06-02 18:34:18] 拉取上证指数数据...
[2026-06-02 18:34:18] 获取到 442 条数据，最新: 20260602
[2026-06-02 18:34:18] 生成趋势图表...
[2026-06-02 18:34:21] ✅ 图表已保存: /mnt/d/Hermes_workspace/stock_research/1.Shanghai_composite_trend_detect/20260602_三子图_高对比.png
[2026-06-02 18:34:21] 发送到 伯利克利...
[2026-06-02 18:34:22]   图表: {'errcode': 0, 'errmsg': 'ok'}
[2026-06-02 18:34:22]   文字: {'errcode': 0, 'errmsg': 'ok'}
[2026-06-02 18:34:22] 发送到 大盘趋势...
[2026-06-02 18:34:23]   图表: {'errcode': 0, 'errmsg': 'ok'}
[2026-06-02 18:34:23]   文字: {'errcode': 0, 'errmsg': 'ok'}
[2026-06-02 18:34:23] ========== 大盘趋势扫描完成 ==========
[2026-06-02 22:30:03] ========== 大盘趋势扫描开始 ==========
[2026-06-02 22:30:03] 拉取上证指数数据...
[2026-06-02 22:30:03] 获取到 442 条数据，最新: 20260602
[2026-06-02 22:30:03] 生成趋势图表...
[2026-06-02 22:30:06] ✅ 图表已保存: /mnt/d/Hermes_workspace/stock_research/1.Shanghai_composite_trend_detect/20260602_三子图_高对比.png
[2026-06-02 22:30:06] 发送到 伯利克利...
[2026-06-02 22:30:07]   图表: {'errcode': 0, 'errmsg': 'ok'}
[2026-06-02 22:30:07]   文字: {'errcode': 0, 'errmsg': 'ok'}
[2026-06-02 22:30:07] 发送到 大盘趋势...
[2026-06-02 22:30:08]   图表: {'errcode': 0, 'errmsg': 'ok'}
[2026-06-02 22:30:08]   文字: {'errcode': 0, 'errmsg': 'ok'}
[2026-06-02 22:30:08] ========== 大盘趋势扫描完成 ==========
[2026-06-03 15:30:11] ========== 大盘趋势扫描开始 ==========
[2026-06-03 15:30:11] ========== 大盘趋势扫描开始 ==========
[2026-06-03 15:30:11] 拉取上证指数数据...
[2026-06-03 15:30:11] 拉取上证指数数据...
[2026-06-03 15:30:12] 获取到 442 条数据，最新: 20260602
[2026-06-03 15:30:12] 生成趋势图表...
[2026-06-03 15:30:12] 获取到 442 条数据，最新: 20260602
[2026-06-03 15:30:12] 生成趋势图表...
[2026-06-03 15:30:14] ✅ 图表已保存: /mnt/d/Hermes_workspace/stock_research/1.Shanghai_composite_trend_detect/20260602_三子图_高对比.png
[2026-06-03 15:30:14] ✅ 图表已保存: /mnt/d/Hermes_workspace/stock_research/1.Shanghai_composite_trend_detect/20260602_三子图_高对比.png
[2026-06-03 15:30:14] 发送到 伯利克利...
[2026-06-03 15:30:14] 发送到 伯利克利...
[2026-06-03 15:30:15]   图表: {'errcode': 0, 'errmsg': 'ok'}
[2026-06-03 15:30:15]   图表: {'errcode': 0, 'errmsg': 'ok'}
[2026-06-03 15:30:15]   文字: {'errcode': 0, 'errmsg': 'ok'}
[2026-06-03 15:30:15] 发送到 大盘趋势...
[2026-06-03 15:30:15]   文字: {'errcode': 0, 'errmsg': 'ok'}
[2026-06-03 15:30:15] 发送到 大盘趋势...
[2026-06-03 15:30:16]   图表: {'errcode': 0, 'errmsg': 'ok'}
[2026-06-03 15:30:16]   图表: {'errcode': 0, 'errmsg': 'ok'}
[2026-06-03 15:30:16]   文字: {'errcode': 0, 'errmsg': 'ok'}
[2026-06-03 15:30:16] ========== 大盘趋势扫描完成 ==========
[2026-06-03 15:30:17]   文字: {'errcode': 0, 'errmsg': 'ok'}
[2026-06-03 15:30:17] ========== 大盘趋势扫描完成 ==========
[2026-06-03 18:28:30] ========== 大盘趋势扫描开始 ==========
[2026-06-03 18:28:30] 拉取上证指数数据...
[2026-06-03 18:28:30] 获取到 443 条数据，最新: 20260603
[2026-06-03 18:28:30] 生成趋势图表...
[2026-06-03 18:28:33] ✅ 图表已保存: /mnt/d/Hermes_workspace/stock_research/1.Shanghai_composite_trend_detect/20260603_三子图_高对比.png
[2026-06-03 18:28:33] 发送到 伯利克利...
[2026-06-03 18:28:34]   图表: {'errcode': 0, 'errmsg': 'ok'}
[2026-06-03 18:28:34]   文字: {'errcode': 0, 'errmsg': 'ok'}
[2026-06-03 18:28:34] 发送到 大盘趋势...
[2026-06-03 18:28:35]   图表: {'errcode': 0, 'errmsg': 'ok'}
[2026-06-03 18:28:35]   文字: {'errcode': 0, 'errmsg': 'ok'}
[2026-06-03 18:28:35] ========== 大盘趋势扫描完成 ==========
[2026-06-04 18:00:50] ========== 大盘趋势扫描开始 ==========
[2026-06-04 18:00:50] 拉取上证指数数据...
[2026-06-04 18:00:50] 获取到 444 条数据，最新: 20260604
[2026-06-04 18:00:50] 生成趋势图表...
[2026-06-04 18:00:53] ✅ 图表已保存: /mnt/d/Hermes_workspace/stock_research/1.Shanghai_composite_trend_detect/20260604_三子图_高对比.png
[2026-06-04 18:00:53] 发送到 伯利克利...
[2026-06-04 18:00:54]   图表: {'errcode': 0, 'errmsg': 'ok'}
[2026-06-04 18:00:54]   文字: {'errcode': 0, 'errmsg': 'ok'}
[2026-06-04 18:00:54] 发送到 大盘趋势...
[2026-06-04 18:00:55]   图表: {'errcode': 0, 'errmsg': 'ok'}
[2026-06-04 18:00:55]   文字: {'errcode': 0, 'errmsg': 'ok'}
[2026-06-04 18:00:55] ========== 大盘趋势扫描完成 ==========
[2026-06-05 18:01:10] ========== 大盘趋势扫描开始 ==========
[2026-06-05 18:01:10] 拉取上证指数数据...
[2026-06-05 18:01:10] 获取到 445 条数据，最新: 20260605
[2026-06-05 18:01:10] 生成趋势图表...
[2026-06-05 18:01:13] ✅ 图表已保存: /mnt/d/Hermes_workspace/stock_research/1.Shanghai_composite_trend_detect/20260605_三子图_高对比.png
[2026-06-05 18:01:13] 发送到 伯利克利...
[2026-06-05 18:01:14]   图表: {'errcode': 0, 'errmsg': 'ok'}
[2026-06-05 18:01:14]   文字: {'errcode': 0, 'errmsg': 'ok'}
[2026-06-05 18:01:14] 发送到 大盘趋势...
[2026-06-05 18:01:15]   图表: {'errcode': 0, 'errmsg': 'ok'}
[2026-06-05 18:01:15]   文字: {'errcode': 0, 'errmsg': 'ok'}
[2026-06-05 18:01:15] ========== 大盘趋势扫描完成 ==========
[2026-06-06 18:00:34] ========== 大盘趋势扫描开始 ==========
[2026-06-06 18:00:34] 拉取上证指数数据...
[2026-06-06 18:00:34] 获取到 445 条数据，最新: 20260605
[2026-06-06 18:00:34] 生成趋势图表...
[2026-06-06 18:00:37] ✅ 图表已保存: /mnt/d/Hermes_workspace/stock_research/1.Shanghai_composite_trend_detect/20260605_三子图_高对比.png
[2026-06-06 18:00:37] 发送到 伯利克利...
[2026-06-06 18:00:38]   图表: {'errcode': 0, 'errmsg': 'ok'}
[2026-06-06 18:00:38]   文字: {'errcode': 0, 'errmsg': 'ok'}
[2026-06-06 18:00:38] 发送到 大盘趋势...
[2026-06-06 18:00:39]   图表: {'errcode': 0, 'errmsg': 'ok'}
[2026-06-06 18:00:39]   文字: {'errcode': 0, 'errmsg': 'ok'}
[2026-06-06 18:00:39] ========== 大盘趋势扫描完成 ==========
