=================================================================
  三角收敛上涨中继形态扫描器 - 增强版
  扫描日期: 20260622
  股票池: 全A股 (沪市主板+深市主板+创业板+科创板, 排除ST/退市)
  输出: top20 CSV + top5 SVG → /data/data/com.termux/files/home/HermesWorkspace/stock_research/3.Rising_continuation/1.Triangle_oscillation/output/20260622
=================================================================

[1/5] 获取全A股股票列表...
  沪市主板:1625  深市主板:1866  创业板:895  科创板:596
  总计: 5299 只

[2/5] 扫描三角收敛形态...
  进度: 50/5299 | 命中: 287 | ETA: 35分钟
  进度: 100/5299 | 命中: 565 | ETA: 34分钟
  进度: 150/5299 | 命中: 841 | ETA: 33分钟
  进度: 200/5299 | 命中: 1121 | ETA: 32分钟
  进度: 250/5299 | 命中: 1411 | ETA: 32分钟
  进度: 300/5299 | 命中: 1691 | ETA: 31分钟
  进度: 350/5299 | 命中: 1981 | ETA: 31分钟
  进度: 400/5299 | 命中: 2295 | ETA: 31分钟
  进度: 450/5299 | 命中: 2578 | ETA: 30分钟
  [增量CSV] 500/5299: 491只股票入池, top20已写入
  进度: 500/5299 | 命中: 2803 | ETA: 30分钟
  进度: 550/5299 | 命中: 3105 | ETA: 29分钟
  进度: 600/5299 | 命中: 3422 | ETA: 29分钟
  进度: 650/5299 | 命中: 3703 | ETA: 29分钟
  进度: 700/5299 | 命中: 3992 | ETA: 28分钟
  进度: 750/5299 | 命中: 4250 | ETA: 28分钟
  进度: 800/5299 | 命中: 4543 | ETA: 28分钟
  进度: 850/5299 | 命中: 4844 | ETA: 27分钟
  进度: 900/5299 | 命中: 5138 | ETA: 27分钟
  进度: 950/5299 | 命中: 5416 | ETA: 27分钟
=================================================================
  三角收敛上涨中继形态扫描器 - 增强版 v2 (断点续扫)
  扫描日期: 20260622
  股票池: 全A股 (沪市主板+深市主板+创业板+科创板, 排除ST/退市)
  输出: top20 CSV + top5 SVG → /data/data/com.termux/files/home/HermesWorkspace/stock_research/3.Rising_continuation/1.Triangle_oscillation/output/20260622
  断点: /data/data/com.termux/files/home/HermesWorkspace/stock_research/3.Rising_continuation/1.Triangle_oscillation/output/20260622/checkpoint_triangle.json
=================================================================

[1/5] 获取全A股股票列表...
  沪市主板:1625  深市主板:1866  创业板:895  科创板:596
  总计: 5299 只

[1.5/5] 检查断点...
  无断点，从头开始扫描 5299 只

[2/5] 扫描三角收敛形态...
  进度: 50/5299 | 命中: 287 | ETA: 38分钟
  进度: 100/5299 | 命中: 565 | ETA: 39分钟
  进度: 150/5299 | 命中: 841 | ETA: 39分钟
  进度: 200/5299 | 命中: 1121 | ETA: 39分钟
  进度: 250/5299 | 命中: 1411 | ETA: 38分钟
  进度: 300/5299 | 命中: 1691 | ETA: 38分钟
  进度: 350/5299 | 命中: 1981 | ETA: 38分钟
  进度: 400/5299 | 命中: 2295 | ETA: 38分钟
  进度: 450/5299 | 命中: 2578 | ETA: 37分钟
  [增量CSV] 500/5299: 491只股票入池, top20已写入
  进度: 500/5299 | 命中: 2803 | ETA: 40分钟
  进度: 550/5299 | 命中: 3105 | ETA: 39分钟
  进度: 600/5299 | 命中: 3422 | ETA: 38分钟
  进度: 650/5299 | 命中: 3703 | ETA: 38分钟
  进度: 700/5299 | 命中: 3992 | ETA: 37分钟
  进度: 750/5299 | 命中: 4250 | ETA: 37分钟
  进度: 800/5299 | 命中: 4543 | ETA: 36分钟
  进度: 850/5299 | 命中: 4844 | ETA: 36分钟
  进度: 900/5299 | 命中: 5138 | ETA: 35分钟
  进度: 950/5299 | 命中: 5416 | ETA: 35分钟
  [增量CSV] 1000/5299: 988只股票入池, top20已写入
  进度: 1000/5299 | 命中: 5740 | ETA: 37分钟
  进度: 1050/5299 | 命中: 6062 | ETA: 36分钟
  进度: 1100/5299 | 命中: 6355 | ETA: 36分钟
  进度: 1150/5299 | 命中: 6655 | ETA: 35分钟
  进度: 1200/5299 | 命中: 6993 | ETA: 35分钟
  进度: 1250/5299 | 命中: 7301 | ETA: 34分钟
  进度: 1300/5299 | 命中: 7614 | ETA: 34分钟
  进度: 1350/5299 | 命中: 7933 | ETA: 33分钟
  进度: 1400/5299 | 命中: 8215 | ETA: 33分钟
  进度: 1450/5299 | 命中: 8509 | ETA: 32分钟
  [增量CSV] 1500/5299: 1487只股票入池, top20已写入
  进度: 1500/5299 | 命中: 8804 | ETA: 34分钟
  进度: 1550/5299 | 命中: 9114 | ETA: 34分钟
  进度: 1600/5299 | 命中: 9440 | ETA: 33分钟
  进度: 1650/5299 | 命中: 9735 | ETA: 32分钟
  进度: 1700/5299 | 命中: 9998 | ETA: 32分钟
  进度: 1750/5299 | 命中: 10293 | ETA: 31分钟
  进度: 1800/5299 | 命中: 10618 | ETA: 31分钟
  进度: 1850/5299 | 命中: 10929 | ETA: 30分钟
  进度: 1900/5299 | 命中: 11205 | ETA: 30分钟
  进度: 1950/5299 | 命中: 11471 | ETA: 29分钟
  [增量CSV] 2000/5299: 1987只股票入池, top20已写入
  进度: 2000/5299 | 命中: 11756 | ETA: 31分钟
  进度: 2050/5299 | 命中: 12069 | ETA: 30分钟
  进度: 2100/5299 | 命中: 12339 | ETA: 30分钟
  进度: 2150/5299 | 命中: 12620 | ETA: 29分钟
  进度: 2200/5299 | 命中: 12915 | ETA: 29分钟
  进度: 2250/5299 | 命中: 13234 | ETA: 28分钟
  进度: 2300/5299 | 命中: 13538 | ETA: 28分钟
  进度: 2350/5299 | 命中: 13858 | ETA: 27分钟
  进度: 2400/5299 | 命中: 14170 | ETA: 27分钟
  进度: 2450/5299 | 命中: 14460 | ETA: 26分钟
  [增量CSV] 2500/5299: 2485只股票入池, top20已写入
  进度: 2500/5299 | 命中: 14782 | ETA: 28分钟
  进度: 2550/5299 | 命中: 15081 | ETA: 27分钟
  进度: 2600/5299 | 命中: 15377 | ETA: 27分钟
  进度: 2650/5299 | 命中: 15658 | ETA: 26分钟
  进度: 2700/5299 | 命中: 15917 | ETA: 26分钟
  进度: 2750/5299 | 命中: 16104 | ETA: 25分钟
  进度: 2800/5299 | 命中: 16342 | ETA: 25分钟
  进度: 2850/5299 | 命中: 16624 | ETA: 24分钟
  进度: 2900/5299 | 命中: 16920 | ETA: 24分钟
  进度: 2950/5299 | 命中: 17209 | ETA: 23分钟
  [增量CSV] 3000/5299: 2974只股票入池, top20已写入
  进度: 3000/5299 | 命中: 17482 | ETA: 24分钟
  进度: 3050/5299 | 命中: 17747 | ETA: 23分钟
  进度: 3100/5299 | 命中: 18004 | ETA: 23分钟
  进度: 3150/5299 | 命中: 18268 | ETA: 22分钟
  进度: 3200/5299 | 命中: 18509 | ETA: 22分钟
  进度: 3250/5299 | 命中: 18778 | ETA: 21分钟
  进度: 3300/5299 | 命中: 19045 | ETA: 20分钟
  进度: 3350/5299 | 命中: 19309 | ETA: 20分钟
  进度: 3400/5299 | 命中: 19578 | ETA: 19分钟
  进度: 3450/5299 | 命中: 19830 | ETA: 19分钟
  [增量CSV] 3500/5299: 3465只股票入池, top20已写入
  进度: 3500/5299 | 命中: 20100 | ETA: 19分钟
  进度: 3550/5299 | 命中: 20342 | ETA: 19分钟
  进度: 3600/5299 | 命中: 20583 | ETA: 18分钟
  进度: 3650/5299 | 命中: 20807 | ETA: 17分钟
  进度: 3700/5299 | 命中: 21079 | ETA: 17分钟
  进度: 3750/5299 | 命中: 21383 | ETA: 16分钟
  进度: 3800/5299 | 命中: 21667 | ETA: 16分钟
  进度: 3850/5299 | 命中: 21956 | ETA: 15分钟
  进度: 3900/5299 | 命中: 22232 | ETA: 15分钟
  进度: 3950/5299 | 命中: 22519 | ETA: 14分钟
  [增量CSV] 4000/5299: 3950只股票入池, top20已写入
  进度: 4000/5299 | 命中: 22747 | ETA: 14分钟
  进度: 4050/5299 | 命中: 23033 | ETA: 14分钟
  进度: 4100/5299 | 命中: 23342 | ETA: 13分钟
  进度: 4150/5299 | 命中: 23603 | ETA: 12分钟
  进度: 4200/5299 | 命中: 23879 | ETA: 12分钟
  进度: 4250/5299 | 命中: 24135 | ETA: 11分钟
  进度: 4300/5299 | 命中: 24463 | ETA: 11分钟
  进度: 4350/5299 | 命中: 24753 | ETA: 10分钟
  进度: 4400/5299 | 命中: 24989 | ETA: 9分钟
  进度: 4450/5299 | 命中: 25240 | ETA: 9分钟
  [增量CSV] 4500/5299: 4442只股票入池, top20已写入
  进度: 4500/5299 | 命中: 25481 | ETA: 9分钟
  进度: 4550/5299 | 命中: 25750 | ETA: 8分钟
