=================================================================
  双底突破形态扫描 - 增强版
  扫描日期: 20260622
  股票池: 全A股 (含创业板+科创板, 排除ST/退市)
  输出: top20 CSV + top5 SVG → /data/data/com.termux/files/home/HermesWorkspace/stock_research/4.Bottom_reversal/1.double_bottom/output/20260622
=================================================================

[1/5] 获取全A股股票列表...
  共 5299 只正常上市A股
  沪市主板:1625  深市主板:1866  创业板:895  科创板:596
  准备扫描 5299 只...

[2/5] 扫描双底形态...
  进度: 100/5299 | 命中: 0 | ETA: 33分钟
  进度: 200/5299 | 命中: 0 | ETA: 32分钟
  进度: 300/5299 | 命中: 0 | ETA: 31分钟
  进度: 400/5299 | 命中: 1 | ETA: 30分钟
  [增量CSV] 500/5299: 1个形态入池, top20已写入
  进度: 500/5299 | 命中: 1 | ETA: 30分钟
  进度: 600/5299 | 命中: 2 | ETA: 29分钟
  进度: 700/5299 | 命中: 5 | ETA: 28分钟
  进度: 800/5299 | 命中: 5 | ETA: 28分钟
  进度: 900/5299 | 命中: 7 | ETA: 27分钟
